<?xml version="1.0" encoding="UTF-8"?>
<!-- Generated by org.testng.reporters.JUnitXMLReporter -->
<testsuite ignored="0" hostname="DESKTOP-CLIOS5U" failures="1" tests="1" name="Test" time="49.486" errors="0" timestamp="2021-08-24T17:51:22 IST">
  <testcase classname="testingNg.Testlistners1" name="login" time="49.398">
    <failure type="java.lang.Error" message="Unresolved compilation problem: 
">
      <![CDATA[java.lang.Error: Unresolved compilation problem: 

at utility.ExcelReader.readData(ExcelReader.java:14)
at testingNg.Testlistners1.login(Testlistners1.java:37)
at java.base/java.util.ArrayList.forEach(ArrayList.java:1511)
... Removed 27 stack frames]]>
    </failure>
  </testcase> <!-- login -->
</testsuite> <!-- Test -->
