<?xml version="1.0" encoding="UTF-8"?>
<!-- Generated by org.testng.reporters.JUnitXMLReporter -->
<testsuite ignored="0" hostname="DESKTOP-CLIOS5U" failures="0" tests="4" name="Test" time="0.1" errors="0" timestamp="2021-08-16T17:43:42 IST">
  <testcase classname="testingNg.TestNg1" name="testcase1" time="0.009"/>
  <testcase classname="testingNg.TestNg1" name="testcase2" time="0.019"/>
  <testcase classname="testingNg.TestNg2" name="testcase3" time="0.003"/>
  <testcase classname="testingNg.TestNg2" name="testcase4" time="0.003"/>
</testsuite> <!-- Test -->
